OpenROAD v2.0-7009-g718b260b4 
This program is licensed under the BSD-3 license. See the LICENSE file for details.
Components of this program may be licensed under more restrictive licenses which must be honored.
Placement Analysis
---------------------------------
total displacement          2.1 u
average displacement        0.0 u
max displacement            0.9 u
original HPWL            1123.7 u
legalized HPWL           1126.2 u
delta HPWL                    0 %

[INFO DPL-0020] Mirrored 2 instances
[INFO DPL-0021] HPWL before            1126.2 u
[INFO DPL-0022] HPWL after             1125.5 u
[INFO DPL-0023] HPWL delta               -0.1 %
[INFO FLW-0012] Placement violations .

==========================================================================
detailed place check_setup
--------------------------------------------------------------------------
Warning: There is 1 input port missing set_input_delay.
Warning: There are 10 output ports missing set_output_delay.
Warning: There are 10 unconstrained endpoints.

==========================================================================
detailed place report_tns
--------------------------------------------------------------------------
tns 0.00

==========================================================================
detailed place report_wns
--------------------------------------------------------------------------
wns 0.00

==========================================================================
detailed place report_worst_slack
--------------------------------------------------------------------------
worst slack INF

==========================================================================
detailed place report_clock_skew
--------------------------------------------------------------------------

==========================================================================
detailed place report_checks -path_delay min
--------------------------------------------------------------------------
No paths found.

==========================================================================
detailed place report_checks -path_delay max
--------------------------------------------------------------------------
No paths found.

==========================================================================
detailed place report_checks -unconstrained
--------------------------------------------------------------------------
Startpoint: vin (input port)
Endpoint: FA_5/VIN (internal pin)
Path Group: (none)
Path Type: max

Fanout     Cap    Slew   Delay    Time   Description
-----------------------------------------------------------------------------
                          0.00    0.00 ^ input external delay
                  0.00    0.00    0.00 ^ vin (in)
     7    0.02                           vin (net)
                  0.00    0.00    0.00 ^ FA_5/VIN (FLASH_ADC_SYM_5)
                                  0.00   data arrival time
-----------------------------------------------------------------------------
(Path is unconstrained)



==========================================================================
detailed place report_check_types -max_slew -max_cap -max_fanout -violators
--------------------------------------------------------------------------

==========================================================================
detailed place max_slew_check_slack
--------------------------------------------------------------------------
1.3516387939453125

==========================================================================
detailed place max_slew_check_limit
--------------------------------------------------------------------------
1.5027270317077637

==========================================================================
detailed place max_slew_check_slack_limit
--------------------------------------------------------------------------
0.8995

==========================================================================
detailed place max_fanout_check_slack
--------------------------------------------------------------------------
1.0000000150474662e+30

==========================================================================
detailed place max_fanout_check_limit
--------------------------------------------------------------------------
1.0000000150474662e+30

==========================================================================
detailed place max_capacitance_check_slack
--------------------------------------------------------------------------
0.15277625620365143

==========================================================================
detailed place max_capacitance_check_limit
--------------------------------------------------------------------------
0.16755099594593048

==========================================================================
detailed place max_capacitance_check_slack_limit
--------------------------------------------------------------------------
0.9118

==========================================================================
detailed place max_slew_violation_count
--------------------------------------------------------------------------
max slew violation count 0

==========================================================================
detailed place max_fanout_violation_count
--------------------------------------------------------------------------
max fanout violation count 0

==========================================================================
detailed place max_cap_violation_count
--------------------------------------------------------------------------
max cap violation count 0

==========================================================================
detailed place setup_violation_count
--------------------------------------------------------------------------
setup violation count 0

==========================================================================
detailed place hold_violation_count
--------------------------------------------------------------------------
hold violation count 0

==========================================================================
detailed place critical path delay
--------------------------------------------------------------------------
-1

==========================================================================
detailed place critical path slack
--------------------------------------------------------------------------
0

==========================================================================
detailed place slack div critical path delay
--------------------------------------------------------------------------
0.000000

==========================================================================
detailed place report_power
--------------------------------------------------------------------------
Group                  Internal  Switching    Leakage      Total
                          Power      Power      Power      Power (Watts)
----------------------------------------------------------------
Sequential             0.00e+00   0.00e+00   0.00e+00   0.00e+00   0.0%
Combinational          1.81e-15   2.68e-15   2.55e-10   2.55e-10 100.0%
Macro                  0.00e+00   0.00e+00   0.00e+00   0.00e+00   0.0%
Pad                    0.00e+00   0.00e+00   0.00e+00   0.00e+00   0.0%
----------------------------------------------------------------
Total                  1.81e-15   2.68e-15   2.55e-10   2.55e-10 100.0%
                           0.0%       0.0%     100.0%

==========================================================================
detailed place report_design_area
--------------------------------------------------------------------------
Design area 996 u^2 23% utilization.

Elapsed time: 0:01.25[h:]min:sec. CPU time: user 0.48 sys 0.72 (95%). Peak memory: 100168KB.
